SF:lib\data\datasources\remote\movie_remote_data_source_impl.dart
DA:12,1
DA:17,1
DA:19,2
DA:20,1
DA:23,2
DA:24,2
DA:25,1
DA:26,3
DA:27,1
DA:30,0
DA:34,1
DA:36,2
DA:37,1
DA:40,2
DA:41,2
DA:42,1
DA:43,3
DA:44,1
DA:47,1
DA:51,1
DA:53,2
DA:54,2
DA:57,2
DA:58,2
DA:59,1
DA:60,3
DA:61,1
DA:64,0
LF:28
LH:26
end_of_record
SF:lib\errors\server_exception.dart
DA:6,1
LF:1
LH:1
end_of_record
SF:lib\data\models\movie_models.dart
DA:9,1
DA:17,1
DA:18,1
DA:19,1
DA:20,1
DA:21,1
DA:22,1
DA:27,0
DA:28,0
DA:29,0
DA:30,0
DA:31,0
DA:32,0
LF:13
LH:7
end_of_record
